Arguments: 
  C:\Program Files\nodejs\node.exe C:\Users\HP\AppData\Roaming\npm\node_modules\yarn\bin\yarn.js add @rainbow-me/rainbowkit

PATH: 
  C:\WINDOWS\system32;C:\WINDOWS;C:\WINDOWS\System32\Wbem;C:\WINDOWS\System32\WindowsPowerShell\v1.0\;C:\WINDOWS\System32\OpenSSH\;C:\Program Files\Git\cmd;C:\Program Files\nodejs\;C:\Program Files (x86)\AOMEI\AOMEI Backupper 6.4.0;C:\Users\HP\.cargo\bin;C:\Users\HP\AppData\Local\Microsoft\WindowsApps;C:\Users\HP\AppData\Local\Programs\Hyper\resources\bin;C:\Users\HP\AppData\Local\Programs\Microsoft VS Code\bin;C:\Users\HP\AppData\Local\atom\bin;C:\Users\HP\AppData\Roaming\npm;C:\Users\HP\Desktop\PROGRAMMING\flutter_windows_3.0.0-stable\flutter\bin;

Yarn version: 
  1.22.19

Node version: 
  16.15.0

Platform: 
  win32 x64

Trace: 
  Error: connect EHOSTUNREACH 104.16.19.35:443
      at TCPConnectWrap.afterConnect [as oncomplete] (node:net:1187:16)

npm manifest: 
  {
    "name": "hackathon",
    "version": "0.1.0",
    "private": true,
    "dependencies": {
      "@rainbow-me/rainbowkit": "^0.8.0",
      "@testing-library/jest-dom": "^5.16.5",
      "@testing-library/react": "^13.4.0",
      "@testing-library/user-event": "^13.5.0",
      "ethers": "^5.7.2",
      "framer-motion": "^7.6.7",
      "moralis": "^2.7.2",
      "react": "^18.2.0",
      "react-dom": "^18.2.0",
      "react-icons": "^4.6.0",
      "react-moralis": "^1.4.2",
      "react-router-dom": "^6.4.3",
      "react-scripts": "5.0.1",
      "typewriter-effect": "^2.19.0",
      "wagmi": "^0.8.5",
      "web-vitals": "^2.1.4",
      "web3modal": "^1.9.9"
    },
    "scripts": {
      "start": "react-scripts start",
      "build": "react-scripts build",
      "test": "react-scripts test",
      "eject": "react-scripts eject"
    },
    "eslintConfig": {
      "extends": [
        "react-app",
        "react-app/jest"
      ]
    },
    "browserslist": {
      "production": [
        ">0.2%",
        "not dead",
        "not op_mini all"
      ],
      "development": [
        "last 1 chrome version",
        "last 1 firefox version",
        "last 1 safari version"
      ]
    }
  }

yarn manifest: 
  No manifest

Lockfile: 
  No lockfile
